{"sessionId": "5ed34e", "location": "api/main.py", "message": "ASYLUM app startup", "data": {"module": "api.main"}, "hypothesisId": "H5", "timestamp": 1773463101595}
{"sessionId": "5ed34e", "location": "api/main.py", "message": "root() called for /", "data": {"path": "/"}, "hypothesisId": "H1", "timestamp": 1773463115608}
{"sessionId": "5ed34e", "location": "api/main.py", "message": "_serve_app", "data": {"has_cached_html": true}, "hypothesisId": "H3", "timestamp": 1773463115608}
{"sessionId": "5ed34e", "location": "api/main.py", "message": "request", "data": {"method": "GET", "path": "/", "status": 200}, "hypothesisId": "H2", "timestamp": 1773463115613}
{"sessionId": "5ed34e", "location": "api/main.py", "message": "root() called for /", "data": {"path": "/"}, "hypothesisId": "H1", "timestamp": 1773463311195}
{"sessionId": "5ed34e", "location": "api/main.py", "message": "_serve_app", "data": {"has_cached_html": true}, "hypothesisId": "H3", "timestamp": 1773463311195}
{"sessionId": "5ed34e", "location": "api/main.py", "message": "request", "data": {"method": "GET", "path": "/", "status": 200}, "hypothesisId": "H2", "timestamp": 1773463311200}
{"sessionId": "5ed34e", "location": "api/main.py", "message": "request", "data": {"method": "GET", "path": "/favicon.ico", "status": 404}, "hypothesisId": "H2", "timestamp": 1773463311239}
{"sessionId": "5ed34e", "location": "api/main.py", "message": "root() called for /", "data": {"path": "/"}, "hypothesisId": "H1", "timestamp": 1773463364795}
{"sessionId": "5ed34e", "location": "api/main.py", "message": "_serve_app", "data": {"has_cached_html": true}, "hypothesisId": "H3", "timestamp": 1773463364795}
{"sessionId": "5ed34e", "location": "api/main.py", "message": "request", "data": {"method": "GET", "path": "/", "status": 200}, "hypothesisId": "H2", "timestamp": 1773463364795}
{"sessionId": "5ed34e", "location": "api/main.py", "message": "root() called for /", "data": {"path": "/"}, "hypothesisId": "H1", "timestamp": 1773463657280}
{"sessionId": "5ed34e", "location": "api/main.py", "message": "_serve_app", "data": {"has_cached_html": true}, "hypothesisId": "H3", "timestamp": 1773463657280}
{"sessionId": "5ed34e", "location": "api/main.py", "message": "request", "data": {"method": "GET", "path": "/", "status": 200}, "hypothesisId": "H2", "timestamp": 1773463657280}
{"sessionId": "5ed34e", "location": "api/main.py", "message": "root() called for /", "data": {"path": "/"}, "hypothesisId": "H1", "timestamp": 1773463657298}
{"sessionId": "5ed34e", "location": "api/main.py", "message": "_serve_app", "data": {"has_cached_html": true}, "hypothesisId": "H3", "timestamp": 1773463657314}
{"sessionId": "5ed34e", "location": "api/main.py", "message": "request", "data": {"method": "GET", "path": "/", "status": 200}, "hypothesisId": "H2", "timestamp": 1773463657314}
{"sessionId": "5ed34e", "location": "api/main.py", "message": "root() called for /", "data": {"path": "/"}, "hypothesisId": "H1", "timestamp": 1773463676701}
{"sessionId": "5ed34e", "location": "api/main.py", "message": "_serve_app", "data": {"has_cached_html": true}, "hypothesisId": "H3", "timestamp": 1773463676701}
{"sessionId": "5ed34e", "location": "api/main.py", "message": "request", "data": {"method": "GET", "path": "/", "status": 200}, "hypothesisId": "H2", "timestamp": 1773463676701}
{"sessionId": "5ed34e", "location": "api/main.py", "message": "root() called for /", "data": {"path": "/"}, "hypothesisId": "H1", "timestamp": 1773463676725}
{"sessionId": "5ed34e", "location": "api/main.py", "message": "_serve_app", "data": {"has_cached_html": true}, "hypothesisId": "H3", "timestamp": 1773463676725}
{"sessionId": "5ed34e", "location": "api/main.py", "message": "request", "data": {"method": "GET", "path": "/", "status": 200}, "hypothesisId": "H2", "timestamp": 1773463676725}
{"sessionId": "5ed34e", "location": "api/main.py", "message": "root() called for /", "data": {"path": "/"}, "hypothesisId": "H1", "timestamp": 1773463678318}
{"sessionId": "5ed34e", "location": "api/main.py", "message": "_serve_app", "data": {"has_cached_html": true}, "hypothesisId": "H3", "timestamp": 1773463678318}
{"sessionId": "5ed34e", "location": "api/main.py", "message": "request", "data": {"method": "GET", "path": "/", "status": 200}, "hypothesisId": "H2", "timestamp": 1773463678318}
{"sessionId": "5ed34e", "location": "api/main.py", "message": "root() called for /", "data": {"path": "/"}, "hypothesisId": "H1", "timestamp": 1773463678339}
{"sessionId": "5ed34e", "location": "api/main.py", "message": "_serve_app", "data": {"has_cached_html": true}, "hypothesisId": "H3", "timestamp": 1773463678339}
{"sessionId": "5ed34e", "location": "api/main.py", "message": "request", "data": {"method": "GET", "path": "/", "status": 200}, "hypothesisId": "H2", "timestamp": 1773463678339}
{"sessionId": "5ed34e", "location": "api/main.py", "message": "root() called for /", "data": {"path": "/"}, "hypothesisId": "H1", "timestamp": 1773463678817}
{"sessionId": "5ed34e", "location": "api/main.py", "message": "_serve_app", "data": {"has_cached_html": true}, "hypothesisId": "H3", "timestamp": 1773463678817}
{"sessionId": "5ed34e", "location": "api/main.py", "message": "request", "data": {"method": "GET", "path": "/", "status": 200}, "hypothesisId": "H2", "timestamp": 1773463678817}
{"sessionId": "5ed34e", "location": "api/main.py", "message": "root() called for /", "data": {"path": "/"}, "hypothesisId": "H1", "timestamp": 1773463678841}
{"sessionId": "5ed34e", "location": "api/main.py", "message": "_serve_app", "data": {"has_cached_html": true}, "hypothesisId": "H3", "timestamp": 1773463678841}
{"sessionId": "5ed34e", "location": "api/main.py", "message": "request", "data": {"method": "GET", "path": "/", "status": 200}, "hypothesisId": "H2", "timestamp": 1773463678841}
{"sessionId": "5ed34e", "location": "api/main.py", "message": "root() called for /", "data": {"path": "/"}, "hypothesisId": "H1", "timestamp": 1773463774906}
{"sessionId": "5ed34e", "location": "api/main.py", "message": "_serve_app", "data": {"has_cached_html": true}, "hypothesisId": "H3", "timestamp": 1773463774906}
{"sessionId": "5ed34e", "location": "api/main.py", "message": "request", "data": {"method": "GET", "path": "/", "status": 200}, "hypothesisId": "H2", "timestamp": 1773463774906}
{"sessionId": "5ed34e", "location": "api/main.py", "message": "root() called for /", "data": {"path": "/"}, "hypothesisId": "H1", "timestamp": 1773463774933}
{"sessionId": "5ed34e", "location": "api/main.py", "message": "_serve_app", "data": {"has_cached_html": true}, "hypothesisId": "H3", "timestamp": 1773463774935}
{"sessionId": "5ed34e", "location": "api/main.py", "message": "root() called for /", "data": {"path": "/"}, "hypothesisId": "H1", "timestamp": 1773463774935}
{"sessionId": "5ed34e", "location": "api/main.py", "message": "root() called for /", "data": {"path": "/"}, "hypothesisId": "H1", "timestamp": 1773463774936}
{"sessionId": "5ed34e", "location": "api/main.py", "message": "root() called for /", "data": {"path": "/"}, "hypothesisId": "H1", "timestamp": 1773463774936}
{"sessionId": "5ed34e", "location": "api/main.py", "message": "request", "data": {"method": "GET", "path": "/", "status": 200}, "hypothesisId": "H2", "timestamp": 1773463774936}
{"sessionId": "5ed34e", "location": "api/main.py", "message": "_serve_app", "data": {"has_cached_html": true}, "hypothesisId": "H3", "timestamp": 1773463774936}
{"sessionId": "5ed34e", "location": "api/main.py", "message": "_serve_app", "data": {"has_cached_html": true}, "hypothesisId": "H3", "timestamp": 1773463774937}
{"sessionId": "5ed34e", "location": "api/main.py", "message": "_serve_app", "data": {"has_cached_html": true}, "hypothesisId": "H3", "timestamp": 1773463774937}
{"sessionId": "5ed34e", "location": "api/main.py", "message": "request", "data": {"method": "GET", "path": "/", "status": 200}, "hypothesisId": "H2", "timestamp": 1773463774939}
{"sessionId": "5ed34e", "location": "api/main.py", "message": "request", "data": {"method": "GET", "path": "/", "status": 200}, "hypothesisId": "H2", "timestamp": 1773463774940}
{"sessionId": "5ed34e", "location": "api/main.py", "message": "request", "data": {"method": "GET", "path": "/", "status": 200}, "hypothesisId": "H2", "timestamp": 1773463774941}
{"sessionId": "5ed34e", "location": "api/main.py", "message": "root() called for /", "data": {"path": "/"}, "hypothesisId": "H1", "timestamp": 1773463775763}
{"sessionId": "5ed34e", "location": "api/main.py", "message": "_serve_app", "data": {"has_cached_html": true}, "hypothesisId": "H3", "timestamp": 1773463775763}
{"sessionId": "5ed34e", "location": "api/main.py", "message": "request", "data": {"method": "GET", "path": "/", "status": 200}, "hypothesisId": "H2", "timestamp": 1773463775763}
{"sessionId": "5ed34e", "location": "api/main.py", "message": "root() called for /", "data": {"path": "/"}, "hypothesisId": "H1", "timestamp": 1773463775783}
{"sessionId": "5ed34e", "location": "api/main.py", "message": "_serve_app", "data": {"has_cached_html": true}, "hypothesisId": "H3", "timestamp": 1773463775783}
{"sessionId": "5ed34e", "location": "api/main.py", "message": "request", "data": {"method": "GET", "path": "/", "status": 200}, "hypothesisId": "H2", "timestamp": 1773463775798}
{"sessionId": "5ed34e", "location": "api/main.py", "message": "root() called for /", "data": {"path": "/"}, "hypothesisId": "H1", "timestamp": 1773463777787}
{"sessionId": "5ed34e", "location": "api/main.py", "message": "_serve_app", "data": {"has_cached_html": true}, "hypothesisId": "H3", "timestamp": 1773463777788}
{"sessionId": "5ed34e", "location": "api/main.py", "message": "request", "data": {"method": "GET", "path": "/", "status": 200}, "hypothesisId": "H2", "timestamp": 1773463777788}
{"sessionId": "5ed34e", "location": "api/main.py", "message": "root() called for /", "data": {"path": "/"}, "hypothesisId": "H1", "timestamp": 1773463778017}
{"sessionId": "5ed34e", "location": "api/main.py", "message": "_serve_app", "data": {"has_cached_html": true}, "hypothesisId": "H3", "timestamp": 1773463778017}
{"sessionId": "5ed34e", "location": "api/main.py", "message": "request", "data": {"method": "GET", "path": "/", "status": 200}, "hypothesisId": "H2", "timestamp": 1773463778017}
{"sessionId": "5ed34e", "location": "api/main.py", "message": "root() called for /", "data": {"path": "/"}, "hypothesisId": "H1", "timestamp": 1773463778382}
{"sessionId": "5ed34e", "location": "api/main.py", "message": "_serve_app", "data": {"has_cached_html": true}, "hypothesisId": "H3", "timestamp": 1773463778382}
{"sessionId": "5ed34e", "location": "api/main.py", "message": "request", "data": {"method": "GET", "path": "/", "status": 200}, "hypothesisId": "H2", "timestamp": 1773463778382}
{"sessionId": "5ed34e", "location": "api/main.py", "message": "root() called for /", "data": {"path": "/"}, "hypothesisId": "H1", "timestamp": 1773463778570}
{"sessionId": "5ed34e", "location": "api/main.py", "message": "_serve_app", "data": {"has_cached_html": true}, "hypothesisId": "H3", "timestamp": 1773463778570}
{"sessionId": "5ed34e", "location": "api/main.py", "message": "request", "data": {"method": "GET", "path": "/", "status": 200}, "hypothesisId": "H2", "timestamp": 1773463778571}
{"sessionId": "5ed34e", "location": "api/main.py", "message": "root() called for /", "data": {"path": "/"}, "hypothesisId": "H1", "timestamp": 1773463778738}
{"sessionId": "5ed34e", "location": "api/main.py", "message": "_serve_app", "data": {"has_cached_html": true}, "hypothesisId": "H3", "timestamp": 1773463778738}
{"sessionId": "5ed34e", "location": "api/main.py", "message": "request", "data": {"method": "GET", "path": "/", "status": 200}, "hypothesisId": "H2", "timestamp": 1773463778739}
{"sessionId": "5ed34e", "location": "api/main.py", "message": "root() called for /", "data": {"path": "/"}, "hypothesisId": "H1", "timestamp": 1773463778879}
{"sessionId": "5ed34e", "location": "api/main.py", "message": "_serve_app", "data": {"has_cached_html": true}, "hypothesisId": "H3", "timestamp": 1773463778879}
{"sessionId": "5ed34e", "location": "api/main.py", "message": "request", "data": {"method": "GET", "path": "/", "status": 200}, "hypothesisId": "H2", "timestamp": 1773463778880}
{"sessionId": "5ed34e", "location": "api/main.py", "message": "root() called for /", "data": {"path": "/"}, "hypothesisId": "H1", "timestamp": 1773463779002}
{"sessionId": "5ed34e", "location": "api/main.py", "message": "_serve_app", "data": {"has_cached_html": true}, "hypothesisId": "H3", "timestamp": 1773463779002}
{"sessionId": "5ed34e", "location": "api/main.py", "message": "request", "data": {"method": "GET", "path": "/", "status": 200}, "hypothesisId": "H2", "timestamp": 1773463779002}
{"sessionId": "5ed34e", "location": "api/main.py", "message": "root() called for /", "data": {"path": "/"}, "hypothesisId": "H1", "timestamp": 1773463779145}
{"sessionId": "5ed34e", "location": "api/main.py", "message": "_serve_app", "data": {"has_cached_html": true}, "hypothesisId": "H3", "timestamp": 1773463779146}
{"sessionId": "5ed34e", "location": "api/main.py", "message": "request", "data": {"method": "GET", "path": "/", "status": 200}, "hypothesisId": "H2", "timestamp": 1773463779147}
{"sessionId": "5ed34e", "location": "api/main.py", "message": "root() called for /", "data": {"path": "/"}, "hypothesisId": "H1", "timestamp": 1773463799845}
{"sessionId": "5ed34e", "location": "api/main.py", "message": "_serve_app", "data": {"has_cached_html": true}, "hypothesisId": "H3", "timestamp": 1773463799845}
{"sessionId": "5ed34e", "location": "api/main.py", "message": "request", "data": {"method": "GET", "path": "/", "status": 200}, "hypothesisId": "H2", "timestamp": 1773463799845}
{"sessionId": "5ed34e", "location": "api/main.py", "message": "ASYLUM app startup", "data": {"module": "api.main"}, "hypothesisId": "H5", "timestamp": 1773463833390}
{"sessionId": "5ed34e", "location": "api/main.py", "message": "root() called for /", "data": {"path": "/"}, "hypothesisId": "H1", "timestamp": 1773463857658}
{"sessionId": "5ed34e", "location": "api/main.py", "message": "_serve_app", "data": {"has_cached_html": true}, "hypothesisId": "H3", "timestamp": 1773463857658}
{"sessionId": "5ed34e", "location": "api/main.py", "message": "request", "data": {"method": "GET", "path": "/", "status": 200}, "hypothesisId": "H2", "timestamp": 1773463857658}
{"sessionId": "5ed34e", "location": "api/main.py", "message": "root() called for /", "data": {"path": "/"}, "hypothesisId": "H1", "timestamp": 1773463857682}
{"sessionId": "5ed34e", "location": "api/main.py", "message": "_serve_app", "data": {"has_cached_html": true}, "hypothesisId": "H3", "timestamp": 1773463857682}
{"sessionId": "5ed34e", "location": "api/main.py", "message": "request", "data": {"method": "GET", "path": "/", "status": 200}, "hypothesisId": "H2", "timestamp": 1773463857682}
{"sessionId": "5ed34e", "location": "api/main.py", "message": "root() called for /", "data": {"path": "/"}, "hypothesisId": "H1", "timestamp": 1773463860194}
{"sessionId": "5ed34e", "location": "api/main.py", "message": "_serve_app", "data": {"has_cached_html": true}, "hypothesisId": "H3", "timestamp": 1773463860194}
{"sessionId": "5ed34e", "location": "api/main.py", "message": "request", "data": {"method": "GET", "path": "/", "status": 200}, "hypothesisId": "H2", "timestamp": 1773463860194}
{"sessionId": "5ed34e", "location": "api/main.py", "message": "root() called for /", "data": {"path": "/"}, "hypothesisId": "H1", "timestamp": 1773463860214}
{"sessionId": "5ed34e", "location": "api/main.py", "message": "_serve_app", "data": {"has_cached_html": true}, "hypothesisId": "H3", "timestamp": 1773463860214}
{"sessionId": "5ed34e", "location": "api/main.py", "message": "request", "data": {"method": "GET", "path": "/", "status": 200}, "hypothesisId": "H2", "timestamp": 1773463860214}
{"sessionId": "5ed34e", "location": "api/main.py", "message": "ASYLUM app startup", "data": {"module": "api.main"}, "hypothesisId": "H5", "timestamp": 1773463874931}
{"sessionId": "5ed34e", "location": "api/main.py", "message": "root() called for /", "data": {"path": "/"}, "hypothesisId": "H1", "timestamp": 1773463884839}
{"sessionId": "5ed34e", "location": "api/main.py", "message": "_serve_app", "data": {"has_cached_html": true}, "hypothesisId": "H3", "timestamp": 1773463884839}
{"sessionId": "5ed34e", "location": "api/main.py", "message": "request", "data": {"method": "GET", "path": "/", "status": 200}, "hypothesisId": "H2", "timestamp": 1773463884840}
{"sessionId": "5ed34e", "location": "api/main.py", "message": "ASYLUM app startup", "data": {"module": "api.main"}, "hypothesisId": "H5", "timestamp": 1773464890656}
{"sessionId": "5ed34e", "location": "api/main.py", "message": "root() called for /", "data": {"path": "/"}, "hypothesisId": "H1", "timestamp": 1773464910138}
{"sessionId": "5ed34e", "location": "api/main.py", "message": "request", "data": {"method": "GET", "path": "/", "status": 200}, "hypothesisId": "H2", "timestamp": 1773464910138}
{"sessionId": "5ed34e", "location": "api/main.py", "message": "request", "data": {"method": "GET", "path": "/favicon.ico", "status": 404}, "hypothesisId": "H2", "timestamp": 1773464910636}
{"sessionId": "5ed34e", "location": "api/main.py", "message": "root() called for /", "data": {"path": "/"}, "hypothesisId": "H1", "timestamp": 1773465150309}
{"sessionId": "5ed34e", "location": "api/main.py", "message": "request", "data": {"method": "GET", "path": "/", "status": 200}, "hypothesisId": "H2", "timestamp": 1773465150311}
{"sessionId": "5ed34e", "location": "api/main.py", "message": "root() called for /", "data": {"path": "/"}, "hypothesisId": "H1", "timestamp": 1773465276022}
{"sessionId": "5ed34e", "location": "api/main.py", "message": "request", "data": {"method": "GET", "path": "/", "status": 200}, "hypothesisId": "H2", "timestamp": 1773465276023}
{"sessionId": "5ed34e", "location": "api/main.py", "message": "root() called for /", "data": {"path": "/"}, "hypothesisId": "H1", "timestamp": 1773465290958}
{"sessionId": "5ed34e", "location": "api/main.py", "message": "request", "data": {"method": "GET", "path": "/", "status": 200}, "hypothesisId": "H2", "timestamp": 1773465290958}
{"sessionId": "5ed34e", "location": "api/main.py", "message": "request", "data": {"method": "GET", "path": "/favicon.ico", "status": 404}, "hypothesisId": "H2", "timestamp": 1773465291308}
{"sessionId": "5ed34e", "location": "api/main.py", "message": "root() called for /", "data": {"path": "/"}, "hypothesisId": "H1", "timestamp": 1773465482175}
{"sessionId": "5ed34e", "location": "api/main.py", "message": "request", "data": {"method": "GET", "path": "/", "status": 200}, "hypothesisId": "H2", "timestamp": 1773465482175}
{"sessionId": "5ed34e", "location": "api/main.py", "message": "root() called for /", "data": {"path": "/"}, "hypothesisId": "H1", "timestamp": 1773465919505}
{"sessionId": "5ed34e", "location": "api/main.py", "message": "request", "data": {"method": "GET", "path": "/", "status": 200}, "hypothesisId": "H2", "timestamp": 1773465919505}
{"sessionId": "5ed34e", "location": "api/main.py", "message": "root() called for /", "data": {"path": "/"}, "hypothesisId": "H1", "timestamp": 1773466018944}
{"sessionId": "5ed34e", "location": "api/main.py", "message": "request", "data": {"method": "GET", "path": "/", "status": 200}, "hypothesisId": "H2", "timestamp": 1773466018944}
{"sessionId": "5ed34e", "location": "api/main.py", "message": "root() called for /", "data": {"path": "/"}, "hypothesisId": "H1", "timestamp": 1773466087987}
{"sessionId": "5ed34e", "location": "api/main.py", "message": "request", "data": {"method": "GET", "path": "/", "status": 200}, "hypothesisId": "H2", "timestamp": 1773466087987}
{"sessionId": "5ed34e", "location": "api/main.py", "message": "root() called for /", "data": {"path": "/"}, "hypothesisId": "H1", "timestamp": 1773466265677}
{"sessionId": "5ed34e", "location": "api/main.py", "message": "request", "data": {"method": "GET", "path": "/", "status": 200}, "hypothesisId": "H2", "timestamp": 1773466265677}
{"sessionId": "5ed34e", "location": "api/main.py", "message": "root() called for /", "data": {"path": "/"}, "hypothesisId": "H1", "timestamp": 1773467432041}
{"sessionId": "5ed34e", "location": "api/main.py", "message": "request", "data": {"method": "GET", "path": "/", "status": 200}, "hypothesisId": "H2", "timestamp": 1773467432044}
{"sessionId": "5ed34e", "location": "api/main.py", "message": "root() called for /", "data": {"path": "/"}, "hypothesisId": "H1", "timestamp": 1773467673250}
{"sessionId": "5ed34e", "location": "api/main.py", "message": "request", "data": {"method": "GET", "path": "/", "status": 200}, "hypothesisId": "H2", "timestamp": 1773467673254}
